<?xml version="1.0" encoding="UTF-8"?>
<!-- Generated by org.testng.reporters.JUnitXMLReporter -->
<testsuite ignored="15" hostname="QU1980" failures="1" tests="1" name="Test for the JJill application(failed)" time="231.52" errors="0" timestamp="22 Sep 2022 19:10:07 GMT">
  <testcase classname="com.JJill.testcases.TestCases" name="verify_Guest_MajorCC_CheckoutFunctionality" time="223.86">
    <failure type="org.openqa.selenium.ElementClickInterceptedException" message="element click intercepted: Element &amp;lt;button class=&amp;quot;MuiButtonBase-root MuiButton-root MuiButton-contained jss1490 MuiButton-containedPrimary MuiButton-containedSizeLarge MuiButton-sizeLarge&amp;quot; tabindex=&amp;quot;0&amp;quot; type=&amp;quot;submit&amp;quot; data-th=&amp;quot;add-to-cart&amp;quot;&amp;gt;...&amp;lt;/button&amp;gt; is not clickable at point (968, 72). Other element would receive the click: &amp;lt;div class=&amp;quot;MuiToolbar-root MuiToolbar-regular jss49 jss19&amp;quot;&amp;gt;...&amp;lt;/div&amp;gt;
  (Session info: chrome=105.0.5195.102)
Build info: version: &amp;apos;3.141.59&amp;apos;, revision: &amp;apos;e82be7d358&amp;apos;, time: &amp;apos;2018-11-14T08:17:03&amp;apos;
System info: host: &amp;apos;QU1980&amp;apos;, ip: &amp;apos;10.0.0.249&amp;apos;, os.name: &amp;apos;Windows 10&amp;apos;, os.arch: &amp;apos;amd64&amp;apos;, os.version: &amp;apos;10.0&amp;apos;, java.version: &amp;apos;16.0.2&amp;apos;
Driver info: org.openqa.selenium.chrome.ChromeDriver
Capabilities {acceptInsecureCerts: false, browserName: chrome, browserVersion: 105.0.5195.102, chrome: {chromedriverVersion: 105.0.5195.52 (412c95e51883..., userDataDir: C:\Users\NITKHI~1.KUT\AppDa...}, goog:chromeOptions: {debuggerAddress: localhost:60495}, javascriptEnabled: true, networkConnectionEnabled: false, pageLoadStrategy: normal, platform: WINDOWS, platformName: WINDOWS, proxy: Proxy(), setWindowRect: true, strictFileInteractability: false, timeouts: {implicit: 0, pageLoad: 300000, script: 30000}, unhandledPromptBehavior: dismiss and notify, webauthn:extension:credBlob: true, webauthn:extension:largeBlob: true, webauthn:virtualAuthenticators: true}
Session ID: 91f87ed28195b64930e848661264231b">
      <![CDATA[org.openqa.selenium.ElementClickInterceptedException: element click intercepted: Element <button class="MuiButtonBase-root MuiButton-root MuiButton-contained jss1490 MuiButton-containedPrimary MuiButton-containedSizeLarge MuiButton-sizeLarge" tabindex="0" type="submit" data-th="add-to-cart">...</button> is not clickable at point (968, 72). Other element would receive the click: <div class="MuiToolbar-root MuiToolbar-regular jss49 jss19">...</div>
  (Session info: chrome=105.0.5195.102)
Build info: version: '3.141.59', revision: 'e82be7d358', time: '2018-11-14T08:17:03'
System info: host: 'QU1980', ip: '10.0.0.249', os.name: 'Windows 10', os.arch: 'amd64', os.version: '10.0', java.version: '16.0.2'
Driver info: org.openqa.selenium.chrome.ChromeDriver
Capabilities {acceptInsecureCerts: false, browserName: chrome, browserVersion: 105.0.5195.102, chrome: {chromedriverVersion: 105.0.5195.52 (412c95e51883..., userDataDir: C:\Users\NITKHI~1.KUT\AppDa...}, goog:chromeOptions: {debuggerAddress: localhost:60495}, javascriptEnabled: true, networkConnectionEnabled: false, pageLoadStrategy: normal, platform: WINDOWS, platformName: WINDOWS, proxy: Proxy(), setWindowRect: true, strictFileInteractability: false, timeouts: {implicit: 0, pageLoad: 300000, script: 30000}, unhandledPromptBehavior: dismiss and notify, webauthn:extension:credBlob: true, webauthn:extension:largeBlob: true, webauthn:virtualAuthenticators: true}
Session ID: 91f87ed28195b64930e848661264231b
	at org.openqa.selenium.remote.http.W3CHttpResponseCodec.createException(W3CHttpResponseCodec.java:187)
	at org.openqa.selenium.remote.http.W3CHttpResponseCodec.decode(W3CHttpResponseCodec.java:122)
	at org.openqa.selenium.remote.http.W3CHttpResponseCodec.decode(W3CHttpResponseCodec.java:49)
	at org.openqa.selenium.remote.HttpCommandExecutor.execute(HttpCommandExecutor.java:158)
	at org.openqa.selenium.remote.service.DriverCommandExecutor.execute(DriverCommandExecutor.java:83)
	at org.openqa.selenium.remote.RemoteWebDriver.execute(RemoteWebDriver.java:552)
	at org.openqa.selenium.remote.RemoteWebElement.execute(RemoteWebElement.java:285)
	at org.openqa.selenium.remote.RemoteWebElement.click(RemoteWebElement.java:84)
	at org.openqa.selenium.support.pagefactory.internal.LocatingElementHandler.invoke(LocatingElementHandler.java:51)
	at jdk.proxy2/jdk.proxy2.$Proxy12.click(Unknown Source)
	at pages.AddProduct.selectItemDetails(AddProduct.java:232)
	at com.JJill.testcases.TestCases.verify_Guest_MajorCC_CheckoutFunctionality(TestCases.java:180)
... Removed 34 stack frames]]>
    </failure>
  </testcase> <!-- verify_Guest_MajorCC_CheckoutFunctionality -->
  <testcase classname="com.JJill.testcases.TestCases" name="verifyPLPFunctionality" time="0.0">
    <ignored/>
  </testcase> <!-- verifyPLPFunctionality -->
  <testcase classname="com.JJill.testcases.TestCases" name="verifyShoptheLook" time="0.0">
    <ignored/>
  </testcase> <!-- verifyShoptheLook -->
  <testcase classname="com.JJill.testcases.TestCases" name="verifySearchFunctionality" time="0.0">
    <ignored/>
  </testcase> <!-- verifySearchFunctionality -->
  <testcase classname="com.JJill.testcases.TestCases" name="verifyFooterFunctionality" time="0.0">
    <ignored/>
  </testcase> <!-- verifyFooterFunctionality -->
  <testcase classname="com.JJill.testcases.TestCases" name="verifyLoginInFunctionality" time="0.0">
    <ignored/>
  </testcase> <!-- verifyLoginInFunctionality -->
  <testcase classname="com.JJill.testcases.TestCases" name="verifyPDP_CompletetheLook" time="0.0">
    <ignored/>
  </testcase> <!-- verifyPDP_CompletetheLook -->
  <testcase classname="com.JJill.testcases.TestCases" name="verifyHeaderFunctionality" time="0.0">
    <ignored/>
  </testcase> <!-- verifyHeaderFunctionality -->
  <testcase classname="com.JJill.testcases.TestCases" name="verifyQuickLookFunctionality" time="0.0">
    <ignored/>
  </testcase> <!-- verifyQuickLookFunctionality -->
  <testcase classname="com.JJill.testcases.TestCases" name="verifyMonetateBadging" time="0.0">
    <ignored/>
  </testcase> <!-- verifyMonetateBadging -->
  <testcase classname="com.JJill.testcases.TestCases" name="verifyForgotPasswordFunctionality" time="0.0">
    <ignored/>
  </testcase> <!-- verifyForgotPasswordFunctionality -->
  <testcase classname="com.JJill.testcases.TestCases" name="verifyPDPFunctionality" time="0.0">
    <ignored/>
  </testcase> <!-- verifyPDPFunctionality -->
  <testcase classname="com.JJill.testcases.TestCases" name="verifyInventoryData" time="0.0">
    <ignored/>
  </testcase> <!-- verifyInventoryData -->
  <testcase classname="com.JJill.testcases.TestCases" name="verifyCompletetheLook" time="0.0">
    <ignored/>
  </testcase> <!-- verifyCompletetheLook -->
  <testcase classname="com.JJill.testcases.TestCases" name="verifyremoveProductsShoppingbag" time="0.0">
    <ignored/>
  </testcase> <!-- verifyremoveProductsShoppingbag -->
  <testcase classname="com.JJill.testcases.TestCases" name="verifyPaginationFunctionality" time="0.0">
    <ignored/>
  </testcase> <!-- verifyPaginationFunctionality -->
</testsuite> <!-- Test for the JJill application(failed) -->
