<?xml version="1.0" encoding="UTF-8"?>
<testng-results ignored="27" total="28" passed="1" failed="0" skipped="0">
  <reporter-output>
    <line>
      <![CDATA[Fetch the useremail and password from the test data sheet and set it]]>
    </line>
    <line>
      <![CDATA[Fetched the useremail and password from the test data sheet successfully]]>
    </line>
    <line>
      <![CDATA[Enter Username and Password]]>
    </line>
    <line>
      <![CDATA[Login Successful]]>
    </line>
    <line>
      <![CDATA[Launch URL's]]>
    </line>
    <line>
      <![CDATA[Fetch URL]]>
    </line>
    <line>
      <![CDATA[Fetched the url successfully]]>
    </line>
    <line>
      <![CDATA[Navigate to Home Page from PLP]]>
    </line>
    <line>
      <![CDATA[Logging out of application]]>
    </line>
    <line>
      <![CDATA[Logout successful]]>
    </line>
  </reporter-output>
  <suite started-at="2024-02-15T17:06:54Z" name="Testing JJill Application" finished-at="2024-02-15T17:37:48Z" duration-ms="1853799">
    <groups>
    </groups>
    <test started-at="2024-02-15T17:06:54Z" name="Test for the JJill application" finished-at="2024-02-15T17:37:48Z" duration-ms="1853799">
      <class name="com.JJill.testcases.TestCases">
        <test-method is-config="true" signature="setup()[pri:0, instance:com.JJill.testcases.TestCases@71c3b41]" started-at="2024-02-15T12:06:54Z" name="setup" finished-at="2024-02-15T12:06:57Z" duration-ms="3122" status="PASS">
          <reporter-output>
          </reporter-output>
        </test-method> <!-- setup -->
        <test-method signature="launchURL()[pri:0, instance:com.JJill.testcases.TestCases@71c3b41]" started-at="2024-02-15T12:06:57Z" name="launchURL" finished-at="2024-02-15T12:37:46Z" duration-ms="1848384" status="PASS">
          <reporter-output>
            <line>
              <![CDATA[Fetch the useremail and password from the test data sheet and set it]]>
            </line>
            <line>
              <![CDATA[Fetched the useremail and password from the test data sheet successfully]]>
            </line>
            <line>
              <![CDATA[Enter Username and Password]]>
            </line>
            <line>
              <![CDATA[Login Successful]]>
            </line>
            <line>
              <![CDATA[Launch URL's]]>
            </line>
            <line>
              <![CDATA[Fetch URL]]>
            </line>
            <line>
              <![CDATA[Fetched the url successfully]]>
            </line>
            <line>
              <![CDATA[Navigate to Home Page from PLP]]>
            </line>
            <line>
              <![CDATA[Logging out of application]]>
            </line>
            <line>
              <![CDATA[Logout successful]]>
            </line>
          </reporter-output>
        </test-method> <!-- launchURL -->
        <test-method is-config="true" signature="tearDown()[pri:0, instance:com.JJill.testcases.TestCases@71c3b41]" started-at="2024-02-15T12:37:46Z" name="tearDown" finished-at="2024-02-15T12:37:46Z" duration-ms="271" status="PASS">
          <reporter-output>
          </reporter-output>
        </test-method> <!-- tearDown -->
        <test-method is-config="true" signature="closeAll()[pri:0, instance:com.JJill.testcases.TestCases@71c3b41]" started-at="2024-02-15T12:37:46Z" name="closeAll" finished-at="2024-02-15T12:37:48Z" duration-ms="1992" status="PASS">
          <reporter-output>
          </reporter-output>
        </test-method> <!-- closeAll -->
      </class> <!-- com.JJill.testcases.TestCases -->
    </test> <!-- Test for the JJill application -->
  </suite> <!-- Testing JJill Application -->
</testng-results>
